<?xml version="1.0" encoding="UTF-8"?>
<testsuite name="org.yood.dp.singleton.LazyUnsafeSingletonTest" tests="1" skipped="0" failures="0" errors="0" timestamp="2015-05-10T13:54:49" hostname="CNsjyuan.local" time="0.0">
  <properties/>
  <testcase name="testGetInstance" classname="org.yood.dp.singleton.LazyUnsafeSingletonTest" time="0.0"/>
  <system-out><![CDATA[]]></system-out>
  <system-err><![CDATA[]]></system-err>
</testsuite>
