<?xml version="1.0" encoding="UTF-8"?>
<testsuite name="org.yood.dp.singleton.EnumSingletonTest" tests="1" skipped="0" failures="0" errors="0" timestamp="2015-05-10T13:54:49" hostname="CNsjyuan.local" time="0.002">
  <properties/>
  <testcase name="testSerialize" classname="org.yood.dp.singleton.EnumSingletonTest" time="0.002"/>
  <system-out><![CDATA[]]></system-out>
  <system-err><![CDATA[]]></system-err>
</testsuite>
