<?xml version="1.0" encoding="UTF-8"?>
<testsuite name="org.yood.dp.singleton.SerializableSingletonTest" tests="2" skipped="0" failures="0" errors="0" timestamp="2015-05-10T13:54:49" hostname="CNsjyuan.local" time="0.003">
  <properties/>
  <testcase name="testSerialize" classname="org.yood.dp.singleton.SerializableSingletonTest" time="0.002"/>
  <testcase name="testGetInstance" classname="org.yood.dp.singleton.SerializableSingletonTest" time="0.0"/>
  <system-out><![CDATA[]]></system-out>
  <system-err><![CDATA[May 10, 2015 9:54:49 PM org.yood.dp.singleton.SerializableSingleton readObject
INFO: SerializableSingleton.readObject()
May 10, 2015 9:54:49 PM org.yood.dp.singleton.SerializableSingleton readResolve
INFO: SerializableSingleton.readResolve()
]]></system-err>
</testsuite>
