<?xml version="1.0" encoding="UTF-8"?>
<testsuite name="org.yood.dp.singleton.LazyDoubleCheckSingletonTest" tests="1" skipped="0" failures="0" errors="0" timestamp="2015-05-10T13:54:49" hostname="CNsjyuan.local" time="0.001">
  <properties/>
  <testcase name="testGetInstance" classname="org.yood.dp.singleton.LazyDoubleCheckSingletonTest" time="0.001"/>
  <system-out><![CDATA[]]></system-out>
  <system-err><![CDATA[May 10, 2015 9:54:49 PM org.yood.dp.singleton.LazyDoubleCheckSingleton <init>
INFO: LazyDoubleCheckSingleton.LazyDoubleCheckSingleton()
]]></system-err>
</testsuite>
